Arguments: 
  /usr/local/bin/node /usr/local/bin/yarn add material-ui-icons

PATH: 
  /Users/vsubr2/.rvm/gems/ruby-2.3.0/bin:/Users/vsubr2/.rvm/gems/ruby-2.3.0@global/bin:/Users/vsubr2/.rvm/rubies/ruby-2.3.0/bin:/usr/local/bin:/usr/bin:/bin:/usr/sbin:/sbin:/usr/local/sbin:/Users/vensubra/.rvm/bin:/usr/local/bin:/Users/vsubr2/Projects/helios-NNA/apache-maven-3.2.5/bin:/Library/Java/JavaVirtualMachines/jdk1.8.0_111.jdk/Contents/Home/bin

Yarn version: 
  1.3.2

Node version: 
  10.15.1

Platform: 
  darwin x64

npm manifest: 
  {
    "name": "buyforyou-app",
    "version": "1.0.0",
    "main": "index.js",
    "author": "venkat s",
    "license": "YES",
    "scripts": {
      "serve": "live-server public/",
      "build": "webpack",
      "dev-server": "webpack-dev-server"
    },
    "dependencies": {
      "@material-ui/core": "^3.9.2",
      "@material-ui/icons": "^3.0.2",
      "axios": "^0.18.0",
      "babel-cli": "6.26.0",
      "babel-plugin-transform-class-properties": "6.24.1",
      "babel-preset-env": "^1.7.0",
      "babel-preset-react": "6.24.1",
      "css-loader": "^1.0.0",
      "google-map-react": "^1.0.5",
      "google-maps-react": "^2.0.2",
      "live-server": "^1.2.0",
      "material-ui-search-bar": "^0.4.2",
      "react": "^16.5.2",
      "react-dom": "^16.5.2",
      "react-google-maps": "^9.4.5",
      "react-modal": "3.6.1",
      "react-places-autocomplete": "^7.2.0",
      "react-redux": "^5.1.1",
      "react-router-dom": "^4.3.1",
      "redux": "^4.0.1",
      "redux-thunk": "^2.3.0",
      "sass-loader": "7.1.0",
      "style-loader": "^0.23.1",
      "validator": "10.8.0",
      "webpack": "^4.29.3",
      "webpack-dev-server": "^3.1.14"
    },
    "devDependencies": {
      "@babel/core": "^7.2.2",
      "@webpack-cli/init": "^0.1.3",
      "babel-core": "^6.26.3",
      "babel-loader": "^7.1.5",
      "node-sass": "^4.9.4",
      "webpack-cli": "^3.2.3"
    }
  }

yarn manifest: 
  No manifest

Lockfile: 
  No lockfile

Trace: 
  Error: EACCES: permission denied, mkdir '/Users/vensubra/ReactDev/Buyforyou/node_modules/@babel/core/node_modules/ms'
